[debug] [2021-07-25T08:02:38.458Z] ----------------------------------------------------------------------
[debug] [2021-07-25T08:02:38.460Z] Command:       /Users/harshboricha/.nvm/versions/node/v14.15.3/bin/node /Users/harshboricha/.nvm/versions/node/v14.15.3/bin/firebase init
[debug] [2021-07-25T08:02:38.460Z] CLI Version:   9.16.0
[debug] [2021-07-25T08:02:38.460Z] Platform:      darwin
[debug] [2021-07-25T08:02:38.460Z] Node Version:  v14.15.3
[debug] [2021-07-25T08:02:38.461Z] Time:          Sun Jul 25 2021 13:32:38 GMT+0530 (India Standard Time)
[debug] [2021-07-25T08:02:38.461Z] ----------------------------------------------------------------------
[debug] 
[debug] [2021-07-25T08:02:38.467Z] > command requires scopes: ["email","openid","https://www.googleapis.com/auth/cloudplatformprojects.readonly","https://www.googleapis.com/auth/firebase","https://www.googleapis.com/auth/cloud-platform"]
[debug] [2021-07-25T08:02:38.467Z] > authorizing via signed-in user (harsh.boricha2015@gmail.com)
[info] 
     ######## #### ########  ######## ########     ###     ######  ########
     ##        ##  ##     ## ##       ##     ##  ##   ##  ##       ##
     ######    ##  ########  ######   ########  #########  ######  ######
     ##        ##  ##    ##  ##       ##     ## ##     ##       ## ##
     ##       #### ##     ## ######## ########  ##     ##  ######  ########

You're about to initialize a Firebase project in this directory:

  /Users/harshboricha/Desktop/MafiaAngelVillagers

[info] 
=== Project Setup
[info] 
[info] First, let's associate this project directory with a Firebase project.
[info] You can create multiple project aliases by running firebase use --add, 
[info] but for now we'll just set up a default project.
[info] 
